C:\Program Files\Microsoft Visual Studio\2022\Community\MSBuild\Microsoft\VC\v170\Microsoft.CppBuild.targets(531,5): warning MSB8028: El directorio intermedio (Debug\) contiene archivos compartidos de otro proyecto (E03-317113888.vcxproj). Esto puede dar lugar a un comportamiento incorrecto de limpieza y recompilación.
  Camera.cpp
  Mesh.cpp
  P03-317113888.cpp
C:\Users\axeld\OneDrive\Documentos\LabGrafica20242\Prueba1\P03-317113888\P03-317113888\Window.h(12,36): warning C4244: 'return': conversión de 'GLint' a 'GLfloat'; posible pérdida de datos
  (compilando archivo de origen "P03-317113888.cpp")
  
C:\Users\axeld\OneDrive\Documentos\LabGrafica20242\Prueba1\P03-317113888\P03-317113888\Window.h(13,37): warning C4244: 'return': conversión de 'GLint' a 'GLfloat'; posible pérdida de datos
  (compilando archivo de origen "P03-317113888.cpp")
  
C:\Users\axeld\OneDrive\Documentos\LabGrafica20242\Prueba1\P03-317113888\P03-317113888\P03-317113888.cpp(28,37): warning C4305: 'inicializando': truncamiento de 'double' a 'float'
C:\Users\axeld\OneDrive\Documentos\LabGrafica20242\Prueba1\P03-317113888\P03-317113888\P03-317113888.cpp(196,16): warning C4018: '<': no coinciden signed/unsigned
C:\Users\axeld\OneDrive\Documentos\LabGrafica20242\Prueba1\P03-317113888\P03-317113888\P03-317113888.cpp(238,32): warning C4244: 'argumento': conversión de 'double' a '_Ty'; posible pérdida de datos
C:\Users\axeld\OneDrive\Documentos\LabGrafica20242\Prueba1\P03-317113888\P03-317113888\P03-317113888.cpp(238,32): warning C4244:         with
C:\Users\axeld\OneDrive\Documentos\LabGrafica20242\Prueba1\P03-317113888\P03-317113888\P03-317113888.cpp(238,32): warning C4244:         [
C:\Users\axeld\OneDrive\Documentos\LabGrafica20242\Prueba1\P03-317113888\P03-317113888\P03-317113888.cpp(238,32): warning C4244:             _Ty=GLfloat
C:\Users\axeld\OneDrive\Documentos\LabGrafica20242\Prueba1\P03-317113888\P03-317113888\P03-317113888.cpp(238,32): warning C4244:         ]
C:\Users\axeld\OneDrive\Documentos\LabGrafica20242\Prueba1\P03-317113888\P03-317113888\P03-317113888.cpp(240,32): warning C4244: 'argumento': conversión de 'double' a '_Ty'; posible pérdida de datos
C:\Users\axeld\OneDrive\Documentos\LabGrafica20242\Prueba1\P03-317113888\P03-317113888\P03-317113888.cpp(240,32): warning C4244:         with
C:\Users\axeld\OneDrive\Documentos\LabGrafica20242\Prueba1\P03-317113888\P03-317113888\P03-317113888.cpp(240,32): warning C4244:         [
C:\Users\axeld\OneDrive\Documentos\LabGrafica20242\Prueba1\P03-317113888\P03-317113888\P03-317113888.cpp(240,32): warning C4244:             _Ty=GLfloat
C:\Users\axeld\OneDrive\Documentos\LabGrafica20242\Prueba1\P03-317113888\P03-317113888\P03-317113888.cpp(240,32): warning C4244:         ]
C:\Users\axeld\OneDrive\Documentos\LabGrafica20242\Prueba1\P03-317113888\P03-317113888\P03-317113888.cpp(336,15): warning C4244: 'inicializando': conversión de 'double' a 'GLfloat'; posible pérdida de datos
C:\Users\axeld\OneDrive\Documentos\LabGrafica20242\Prueba1\P03-317113888\P03-317113888\P03-317113888.cpp(338,33): warning C4244: '+=': conversión de 'double' a 'GLfloat'; posible pérdida de datos
  Shader.cpp
  Sphere.cpp
C:\Users\axeld\OneDrive\Documentos\LabGrafica20242\Prueba1\P03-317113888\P03-317113888\Sphere.cpp(39,13): warning C4244: 'inicializando': conversión de 'double' a 'float'; posible pérdida de datos
C:\Users\axeld\OneDrive\Documentos\LabGrafica20242\Prueba1\P03-317113888\P03-317113888\Sphere.cpp(43,16): warning C4244: 'inicializando': conversión de 'double' a 'float'; posible pérdida de datos
  Window.cpp
C:\Users\axeld\OneDrive\Documentos\LabGrafica20242\Prueba1\P03-317113888\P03-317113888\Window.h(12,36): warning C4244: 'return': conversión de 'GLint' a 'GLfloat'; posible pérdida de datos
  (compilando archivo de origen "Window.cpp")
  
C:\Users\axeld\OneDrive\Documentos\LabGrafica20242\Prueba1\P03-317113888\P03-317113888\Window.h(13,37): warning C4244: 'return': conversión de 'GLint' a 'GLfloat'; posible pérdida de datos
  (compilando archivo de origen "Window.cpp")
  
C:\Users\axeld\OneDrive\Documentos\LabGrafica20242\Prueba1\P03-317113888\P03-317113888\Window.cpp(149,22): warning C4244: '=': conversión de 'double' a 'GLfloat'; posible pérdida de datos
C:\Users\axeld\OneDrive\Documentos\LabGrafica20242\Prueba1\P03-317113888\P03-317113888\Window.cpp(150,22): warning C4244: '=': conversión de 'double' a 'GLfloat'; posible pérdida de datos
C:\Users\axeld\OneDrive\Documentos\LabGrafica20242\Prueba1\P03-317113888\P03-317113888\Window.cpp(154,28): warning C4244: '=': conversión de 'double' a 'GLfloat'; posible pérdida de datos
C:\Users\axeld\OneDrive\Documentos\LabGrafica20242\Prueba1\P03-317113888\P03-317113888\Window.cpp(155,40): warning C4244: '=': conversión de 'double' a 'GLfloat'; posible pérdida de datos
C:\Users\axeld\OneDrive\Documentos\LabGrafica20242\Prueba1\P03-317113888\P03-317113888\Window.cpp(157,21): warning C4244: '=': conversión de 'double' a 'GLfloat'; posible pérdida de datos
C:\Users\axeld\OneDrive\Documentos\LabGrafica20242\Prueba1\P03-317113888\P03-317113888\Window.cpp(158,21): warning C4244: '=': conversión de 'double' a 'GLfloat'; posible pérdida de datos
  Generando código...
C:\Users\axeld\OneDrive\Documentos\LabGrafica20242\Prueba1\P03-317113888\P03-317113888\Window.cpp(77): warning C4715: 'Window::Initialise': no todas las rutas de acceso de control devuelven un valor
  LINK : no se encontró C:\Users\axeld\OneDrive\Documentos\LabGrafica20242\Prueba1\Debug\P03-317113888.exe o no lo generó el último vínculo incremental; ejecutando vínculo completo
LINK : warning LNK4098: la biblioteca predeterminada'MSVCRT' entra en conflicto con otras bibliotecas; use la biblioteca /NODEFAULTLIB:biblioteca
  P03-317113888.vcxproj -> C:\Users\axeld\OneDrive\Documentos\LabGrafica20242\Prueba1\Debug\P03-317113888.exe
